#
# A fatal error has been detected by the Java Runtime Environment:
#
#  SIGSEGV (0xb) at pc=0x00000001040ce438, pid=7712, tid=16899
#
# JRE version: 7.0_25-b15
# Java VM: Java HotSpot(TM) 64-Bit Server VM (23.25-b01 mixed mode bsd-amd64 compressed oops)
# Problematic frame:
# V  [libjvm.dylib+0x2ce438]
#
# Failed to write core dump. Core dumps have been disabled. To enable core dumping, try "ulimit -c unlimited" before starting Java again
#
# If you would like to submit a bug report, please visit:
#   http://bugreport.sun.com/bugreport/crash.jsp
#

---------------  T H R E A D  ---------------

Current thread (0x00007f9226003000):  JavaThread "JDWP Transport Listener: dt_socket" daemon [_thread_in_vm, id=16899, stack(0x000000010cd63000,0x000000010ce63000)]

siginfo:si_signo=SIGSEGV: si_errno=0, si_code=1 (SEGV_MAPERR), si_addr=0x00007f9200000002

Registers:
RAX=0x0000000000000001, RBX=0x000000010ce62acb, RCX=0x00000000000fc080, RDX=0x000000010ce62acb
RSP=0x000000010ce62a30, RBP=0x000000010ce62a80, RSI=0x00007f9226003000, RDI=0x00007f9222d0f690
R8 =0x00007f9222c26870, R9 =0x00007f9222c28920, R10=0x000000007aea3288, R11=0x000000001bf64a38
R12=0x00007f9226003000, R13=0x00007f9200000002, R14=0x00007f9200000002, R15=0x00007f9222d0f690
RIP=0x00000001040ce438, EFLAGS=0x0000000000010202, ERR=0x0000000000000004
  TRAPNO=0x000000000000000e

Top of Stack: (sp=0x000000010ce62a30)
0x000000010ce62a30:   00007f9226003000 0000000000000000
0x000000010ce62a40:   0000000000000000 0000000000000000
0x000000010ce62a50:   00007f9226003000 00007f9226003000
0x000000010ce62a60:   000000010ce62acb 000000010ce62ad0
0x000000010ce62a70:   00007f9200000002 0000000000000002
0x000000010ce62a80:   000000010ce62aa0 00000001049cc280
0x000000010ce62a90:   0000000000000001 000000010ce62b48
0x000000010ce62aa0:   000000010ce62b10 00000001049b115b
0x000000010ce62ab0:   000000010ce62ae0 00007f9222c25020
0x000000010ce62ac0:   0000000400000032 0000000100e62b48
0x000000010ce62ad0:   0000000000000000 0000000000000000
0x000000010ce62ae0:   0000000000000000 000000010ce62cd0
0x000000010ce62af0:   00000001049d3da4 00007f9222f223b0
0x000000010ce62b00:   000000010ce62b48 00000001049df568
0x000000010ce62b10:   000000010ce62b20 00000001049b1254
0x000000010ce62b20:   000000010ce62d40 00000001049ba75e
0x000000010ce62b30:   0000157c00000013 00000000000f0200
0x000000010ce62b40:   00007f9222f21b70 000000010ce62bef
0x000000010ce62b50:   00007f92000000d5 000000010ce62b60
0x000000010ce62b60:   00007f9200000057 000000010ce62b98
0x000000010ce62b70:   0000000000000000 0000000000000000
0x000000010ce62b80:   0000157c0000001c 00007fff0000ee80
0x000000010ce62b90:   000000010ce62b98 927f000004000000
0x000000010ce62ba0:   04000000b8c8d322 160000006e69616d
0x000000010ce62bb0:   2f6176616a4c5b28 7274532f676e616c
0x000000010ce62bc0:   000056293b676e69 0000090000000000
0x000000010ce62bd0:   0000b0c8d322927f 3e74696e693c0600
0x000000010ce62be0:   0056292803000000 2001000000000000
0x000000010ce62bf0:   0000000019000000 1a00000029000000
0x000000010ce62c00:   3000000000000000 000000001b000000
0x000000010ce62c10:   1c00000038000000 3f00000000000000
0x000000010ce62c20:   000000001d000000 1f00000046000000 

Instructions: (pc=0x00000001040ce438)
0x00000001040ce418:   00 00 00 41 f6 87 68 01 00 00 10 75 07 b8 63 00
0x00000001040ce428:   00 00 eb 7a 4d 85 f6 75 07 b8 17 00 00 00 eb 6e
0x00000001040ce438:   4d 8b 36 48 b8 fe fe fe fe fe fe fe fe 49 39 c6
0x00000001040ce448:   74 e7 4d 85 f6 74 e2 48 8d 05 2a 06 46 00 80 38 

Register to memory mapping:

RAX=0x0000000000000001 is an unknown value
RBX=0x000000010ce62acb is pointing into the stack for thread: 0x00007f9226003000
RCX=0x00000000000fc080 is an unknown value
RDX=0x000000010ce62acb is pointing into the stack for thread: 0x00007f9226003000
RSP=0x000000010ce62a30 is pointing into the stack for thread: 0x00007f9226003000
RBP=0x000000010ce62a80 is pointing into the stack for thread: 0x00007f9226003000
RSI=0x00007f9226003000 is a thread
RDI=0x00007f9222d0f690 is an unknown value
R8 =0x00007f9222c26870 is an unknown value
R9 =0x00007f9222c28920 is an unknown value
R10=0x000000007aea3288 is an unknown value
R11=0x000000001bf64a38 is an unknown value
R12=0x00007f9226003000 is a thread
R13=0x00007f9200000002 is an unknown value
R14=0x00007f9200000002 is an unknown value
R15=0x00007f9222d0f690 is an unknown value


Stack: [0x000000010cd63000,0x000000010ce63000],  sp=0x000000010ce62a30,  free space=1022k
Native frames: (J=compiled Java code, j=interpreted, Vv=VM code, C=native code)
V  [libjvm.dylib+0x2ce438]
C  [libjdwp.dylib+0x20280]  isMethodSynthetic+0x63
C  [libjdwp.dylib+0x515b]  methods1+0x10b
C  [libjdwp.dylib+0x5254]  methodsWithGeneric+0xe
C  [libjdwp.dylib+0xe75e]  debugLoop_run+0x1ce
C  [libjdwp.dylib+0x1f1ba]  attachThread+0x4d
V  [libjvm.dylib+0x30dd5a]
V  [libjvm.dylib+0x47cbd8]
V  [libjvm.dylib+0x47e0ca]
V  [libjvm.dylib+0x3b95f9]
C  [libsystem_pthread.dylib+0x1899]  _pthread_body+0x8a
C  [libsystem_pthread.dylib+0x172a]  _pthread_struct_init+0x0
C  [libsystem_pthread.dylib+0x5fc9]  thread_start+0xd


---------------  P R O C E S S  ---------------

Java Threads: ( => current thread )
  0x00007f922401e800 JavaThread "Service Thread" daemon [_thread_blocked, id=18179, stack(0x000000010d272000,0x000000010d372000)]
  0x00007f9224805800 JavaThread "C2 CompilerThread1" daemon [_thread_blocked, id=17923, stack(0x000000010d16f000,0x000000010d26f000)]
  0x00007f9226800000 JavaThread "C2 CompilerThread0" daemon [_thread_blocked, id=17667, stack(0x000000010d06c000,0x000000010d16c000)]
  0x00007f9223055000 JavaThread "JDWP Command Reader" daemon [_thread_in_native, id=17411, stack(0x000000010cf69000,0x000000010d069000)]
  0x00007f9223811000 JavaThread "JDWP Event Helper Thread" daemon [_thread_blocked, id=17155, stack(0x000000010ce66000,0x000000010cf66000)]
=>0x00007f9226003000 JavaThread "JDWP Transport Listener: dt_socket" daemon [_thread_in_vm, id=16899, stack(0x000000010cd63000,0x000000010ce63000)]
  0x00007f922380a000 JavaThread "Signal Dispatcher" daemon [_thread_blocked, id=16643, stack(0x000000010cc60000,0x000000010cd60000)]
  0x00007f9224011000 JavaThread "Finalizer" daemon [_thread_blocked, id=11779, stack(0x000000010ca11000,0x000000010cb11000)]
  0x00007f9224010800 JavaThread "Reference Handler" daemon [_thread_blocked, id=11523, stack(0x000000010c90e000,0x000000010ca0e000)]
  0x00007f9224001000 JavaThread "main" [_thread_blocked, id=5891, stack(0x00000001048aa000,0x00000001049aa000)]

Other Threads:
  0x00007f9224010000 VMThread [stack: 0x000000010c80b000,0x000000010c90b000] [id=11267]
  0x00007f922480e800 WatcherThread [stack: 0x000000010d375000,0x000000010d475000] [id=18435]

VM state:not at safepoint (normal execution)

VM Mutex/Monitor currently owned by a thread: None

Heap
 PSYoungGen      total 15552K, used 2484K [0x00000007eeab0000, 0x00000007efc00000, 0x0000000800000000)
  eden space 13376K, 18% used [0x00000007eeab0000,0x00000007eed1d3a0,0x00000007ef7c0000)
  from space 2176K, 0% used [0x00000007ef9e0000,0x00000007ef9e0000,0x00000007efc00000)
  to   space 2176K, 0% used [0x00000007ef7c0000,0x00000007ef7c0000,0x00000007ef9e0000)
 ParOldGen       total 35456K, used 0K [0x00000007cc000000, 0x00000007ce2a0000, 0x00000007eeab0000)
  object space 35456K, 0% used [0x00000007cc000000,0x00000007cc000000,0x00000007ce2a0000)
 PSPermGen       total 21248K, used 3906K [0x00000007c6e00000, 0x00000007c82c0000, 0x00000007cc000000)
  object space 21248K, 18% used [0x00000007c6e00000,0x00000007c71d0b58,0x00000007c82c0000)

Card table byte_map: [0x0000000107aa9000,0x0000000107c73000] byte_map_base: 0x0000000103c72000

Polling page: 0x0000000102dc6000

Code Cache  [0x00000001049e9000, 0x0000000104c59000, 0x00000001079e9000)
 total_blobs=219 nmethods=10 adapters=170 free_code_cache=48738Kb largest_free_block=49902464

Compilation events (10 events):
Event: 0.140 Thread 0x00007f9226800000 nmethod 5 0x0000000104a4a290 code [0x0000000104a4a400, 0x0000000104a4a6d8]
Event: 0.140 Thread 0x00007f9224805800 nmethod 6 0x0000000104a49e90 code [0x0000000104a49fe0, 0x0000000104a4a188]
Event: 2.492 Thread 0x00007f9226800000    7             java.lang.String::indexOf (166 bytes)
Event: 2.498 Thread 0x00007f9226800000 nmethod 7 0x0000000104a4d790 code [0x0000000104a4d8e0, 0x0000000104a4ddb8]
Event: 2.591 Thread 0x00007f9224805800    8             java.lang.Math::max (11 bytes)
Event: 2.591 Thread 0x00007f9224805800 nmethod 8 0x0000000104a4e310 code [0x0000000104a4e440, 0x0000000104a4e498]
Event: 2.677 Thread 0x00007f9226800000    9             java.util.jar.JarFile::hasClassPathAttribute (168 bytes)
Event: 2.681 Thread 0x00007f9226800000 nmethod 9 0x0000000104a4b390 code [0x0000000104a4b520, 0x0000000104a4b928]
Event: 2.723 Thread 0x00007f9224805800   10             sun.nio.cs.UTF_8$Encoder::encode (361 bytes)
Event: 2.732 Thread 0x00007f9224805800 nmethod 10 0x0000000104a4c690 code [0x0000000104a4c840, 0x0000000104a4d138]

GC Heap History (0 events):
No events

Deoptimization events (0 events):
No events

Internal exceptions (10 events):
Event: 2.473 Thread 0x00007f9224001000 Threw 0x00000007eebe83c0 at /HUDSON/workspace/jdk7u25-2-build-macosx-amd64-product/jdk7u25/hotspot/src/share/vm/prims/jvm.cpp:1235
Event: 2.473 Thread 0x00007f9224001000 Threw 0x00000007eebe84e8 at /HUDSON/workspace/jdk7u25-2-build-macosx-amd64-product/jdk7u25/hotspot/src/share/vm/prims/jvm.cpp:1235
Event: 2.487 Thread 0x00007f9224001000 Threw 0x00000007eebf3340 at /HUDSON/workspace/jdk7u25-2-build-macosx-amd64-product/jdk7u25/hotspot/src/share/vm/prims/jvm.cpp:1235
Event: 2.487 Thread 0x00007f9224001000 Threw 0x00000007eebf3468 at /HUDSON/workspace/jdk7u25-2-build-macosx-amd64-product/jdk7u25/hotspot/src/share/vm/prims/jvm.cpp:1235
Event: 2.541 Thread 0x00007f9224001000 Threw 0x00000007eec130b8 at /HUDSON/workspace/jdk7u25-2-build-macosx-amd64-product/jdk7u25/hotspot/src/share/vm/prims/jvm.cpp:1235
Event: 2.541 Thread 0x00007f9224001000 Threw 0x00000007eec131e0 at /HUDSON/workspace/jdk7u25-2-build-macosx-amd64-product/jdk7u25/hotspot/src/share/vm/prims/jvm.cpp:1235
Event: 2.690 Thread 0x00007f9224001000 Threw 0x00000007eec47f70 at /HUDSON/workspace/jdk7u25-2-build-macosx-amd64-product/jdk7u25/hotspot/src/share/vm/prims/jvm.cpp:1235
Event: 2.706 Thread 0x00007f9224001000 Threw 0x00000007eeca8800 at /HUDSON/workspace/jdk7u25-2-build-macosx-amd64-product/jdk7u25/hotspot/src/share/vm/prims/jvm.cpp:1235
Event: 2.718 Thread 0x00007f9224001000 Threw 0x00000007eecb09f0 at /HUDSON/workspace/jdk7u25-2-build-macosx-amd64-product/jdk7u25/hotspot/src/share/vm/prims/jvm.cpp:1235
Event: 24.814 Thread 0x00007f9224001000 Threw 0x00000007eecebd10 at /HUDSON/workspace/jdk7u25-2-build-macosx-amd64-product/jdk7u25/hotspot/src/share/vm/prims/jvm.cpp:1235

Events (10 events):
Event: 46094.807 Executing VM operation: ChangeBreakpoints
Event: 46094.807 Executing VM operation: ChangeBreakpoints done
Event: 46117.350 Executing VM operation: ChangeBreakpoints
Event: 46117.350 Executing VM operation: ChangeBreakpoints done
Event: 46117.353 Executing VM operation: RedefineClasses
Event: 46117.353 Executing VM operation: RedefineClasses done
Event: 46117.358 Executing VM operation: EnterInterpOnlyMode
Event: 46117.358 Executing VM operation: EnterInterpOnlyMode done
Event: 46117.360 Executing VM operation: ChangeBreakpoints
Event: 46117.360 Executing VM operation: ChangeBreakpoints done


Dynamic libraries:
0x0000000004e54000 	/System/Library/Frameworks/Cocoa.framework/Versions/A/Cocoa
0x0000000004e54000 	/System/Library/Frameworks/Security.framework/Versions/A/Security
0x0000000004e54000 	/System/Library/Frameworks/ApplicationServices.framework/Versions/A/ApplicationServices
0x0000000004e54000 	/usr/lib/libz.1.dylib
0x0000000004e54000 	/usr/lib/libSystem.B.dylib
0x0000000004e54000 	/usr/lib/libobjc.A.dylib
0x0000000004e54000 	/System/Library/Frameworks/CoreFoundation.framework/Versions/A/CoreFoundation
0x0000000004e54000 	/System/Library/Frameworks/AppKit.framework/Versions/C/AppKit
0x0000000004e54000 	/System/Library/Frameworks/CoreData.framework/Versions/A/CoreData
0x0000000004e54000 	/System/Library/Frameworks/Foundation.framework/Versions/C/Foundation
0x0000000004e54000 	/System/Library/PrivateFrameworks/RemoteViewServices.framework/Versions/A/RemoteViewServices
0x0000000004e54000 	/System/Library/Frameworks/AudioToolbox.framework/Versions/A/AudioToolbox
0x0000000004e54000 	/System/Library/Frameworks/AudioUnit.framework/Versions/A/AudioUnit
0x0000000004e54000 	/System/Library/PrivateFrameworks/DataDetectorsCore.framework/Versions/A/DataDetectorsCore
0x0000000004e54000 	/System/Library/PrivateFrameworks/DesktopServicesPriv.framework/Versions/A/DesktopServicesPriv
0x0000000004e54000 	/System/Library/Frameworks/Carbon.framework/Versions/A/Frameworks/HIToolbox.framework/Versions/A/HIToolbox
0x0000000004e54000 	/System/Library/Frameworks/QuartzCore.framework/Versions/A/QuartzCore
0x0000000004e54000 	/System/Library/Frameworks/Carbon.framework/Versions/A/Frameworks/SpeechRecognition.framework/Versions/A/SpeechRecognition
0x0000000004e54000 	/usr/lib/libauto.dylib
0x0000000004e54000 	/usr/lib/libicucore.A.dylib
0x0000000004e54000 	/usr/lib/libxml2.2.dylib
0x0000000004e54000 	/System/Library/PrivateFrameworks/CoreUI.framework/Versions/A/CoreUI
0x0000000004e54000 	/System/Library/Frameworks/CoreAudio.framework/Versions/A/CoreAudio
0x0000000004e54000 	/System/Library/Frameworks/DiskArbitration.framework/Versions/A/DiskArbitration
0x0000000004e54000 	/usr/lib/liblangid.dylib
0x0000000004e54000 	/System/Library/PrivateFrameworks/MultitouchSupport.framework/Versions/A/MultitouchSupport
0x0000000004e54000 	/System/Library/Frameworks/IOKit.framework/Versions/A/IOKit
0x0000000004e54000 	/usr/lib/libDiagnosticMessagesClient.dylib
0x0000000004e54000 	/System/Library/Frameworks/CoreServices.framework/Versions/A/CoreServices
0x0000000004e54000 	/System/Library/PrivateFrameworks/PerformanceAnalysis.framework/Versions/A/PerformanceAnalysis
0x0000000004e54000 	/System/Library/PrivateFrameworks/GenerationalStorage.framework/Versions/A/GenerationalStorage
0x0000000004e54000 	/System/Library/Frameworks/OpenGL.framework/Versions/A/OpenGL
0x0000000004e54000 	/System/Library/PrivateFrameworks/Sharing.framework/Versions/A/Sharing
0x0000000004e54000 	/System/Library/Frameworks/ImageIO.framework/Versions/A/ImageIO
0x0000000004e54000 	/System/Library/Frameworks/CoreText.framework/Versions/A/CoreText
0x0000000004e54000 	/System/Library/Frameworks/CoreGraphics.framework/Versions/A/CoreGraphics
0x0000000004e54000 	/System/Library/PrivateFrameworks/Backup.framework/Versions/A/Backup
0x0000000004e54000 	/System/Library/Frameworks/CFNetwork.framework/Versions/A/CFNetwork
0x0000000004e54000 	/System/Library/Frameworks/SystemConfiguration.framework/Versions/A/SystemConfiguration
0x0000000004e54000 	/usr/lib/libCRFSuite.dylib
0x0000000004e54000 	/usr/lib/libc++.1.dylib
0x0000000004e54000 	/usr/lib/libc++abi.dylib
0x0000000004e54000 	/usr/lib/system/libcache.dylib
0x0000000004e54000 	/usr/lib/system/libcommonCrypto.dylib
0x0000000004e54000 	/usr/lib/system/libcompiler_rt.dylib
0x0000000004e54000 	/usr/lib/system/libcopyfile.dylib
0x0000000004e54000 	/usr/lib/system/libcorecrypto.dylib
0x0000000004e54000 	/usr/lib/system/libdispatch.dylib
0x0000000004e54000 	/usr/lib/system/libdyld.dylib
0x0000000004e54000 	/usr/lib/system/libkeymgr.dylib
0x0000000004e54000 	/usr/lib/system/liblaunch.dylib
0x0000000004e54000 	/usr/lib/system/libmacho.dylib
0x0000000004e54000 	/usr/lib/system/libquarantine.dylib
0x0000000004e54000 	/usr/lib/system/libremovefile.dylib
0x0000000004e54000 	/usr/lib/system/libsystem_asl.dylib
0x0000000004e54000 	/usr/lib/system/libsystem_blocks.dylib
0x0000000004e54000 	/usr/lib/system/libsystem_c.dylib
0x0000000004e54000 	/usr/lib/system/libsystem_configuration.dylib
0x0000000004e54000 	/usr/lib/system/libsystem_dnssd.dylib
0x0000000004e54000 	/usr/lib/system/libsystem_info.dylib
0x0000000004e54000 	/usr/lib/system/libsystem_kernel.dylib
0x0000000004e54000 	/usr/lib/system/libsystem_m.dylib
0x0000000004e54000 	/usr/lib/system/libsystem_malloc.dylib
0x0000000004e54000 	/usr/lib/system/libsystem_network.dylib
0x0000000004e54000 	/usr/lib/system/libsystem_notify.dylib
0x0000000004e54000 	/usr/lib/system/libsystem_platform.dylib
0x0000000004e54000 	/usr/lib/system/libsystem_pthread.dylib
0x0000000004e54000 	/usr/lib/system/libsystem_sandbox.dylib
0x0000000004e54000 	/usr/lib/system/libsystem_stats.dylib
0x0000000004e54000 	/usr/lib/system/libunc.dylib
0x0000000004e54000 	/usr/lib/system/libunwind.dylib
0x0000000004e54000 	/usr/lib/system/libxpc.dylib
0x0000000004e54000 	/usr/lib/libbsm.0.dylib
0x0000000004e54000 	/usr/lib/libsqlite3.dylib
0x0000000004e54000 	/usr/lib/libxar.1.dylib
0x0000000004e54000 	/usr/lib/libpam.2.dylib
0x0000000004e54000 	/usr/lib/libOpenScriptingUtil.dylib
0x0000000004e54000 	/usr/lib/libbz2.1.0.dylib
0x0000000004e54000 	/System/Library/Frameworks/CoreServices.framework/Versions/A/Frameworks/CarbonCore.framework/Versions/A/CarbonCore
0x0000000004e54000 	/System/Library/Frameworks/CoreServices.framework/Versions/A/Frameworks/Metadata.framework/Versions/A/Metadata
0x0000000004e54000 	/System/Library/Frameworks/CoreServices.framework/Versions/A/Frameworks/OSServices.framework/Versions/A/OSServices
0x0000000004e54000 	/System/Library/Frameworks/CoreServices.framework/Versions/A/Frameworks/SearchKit.framework/Versions/A/SearchKit
0x0000000004e54000 	/System/Library/Frameworks/CoreServices.framework/Versions/A/Frameworks/AE.framework/Versions/A/AE
0x0000000004e54000 	/System/Library/Frameworks/CoreServices.framework/Versions/A/Frameworks/LaunchServices.framework/Versions/A/LaunchServices
0x0000000004e54000 	/System/Library/Frameworks/CoreServices.framework/Versions/A/Frameworks/DictionaryServices.framework/Versions/A/DictionaryServices
0x0000000004e54000 	/System/Library/Frameworks/NetFS.framework/Versions/A/NetFS
0x0000000004e54000 	/usr/lib/system/libkxld.dylib
0x0000000004e54000 	/System/Library/PrivateFrameworks/NetAuth.framework/Versions/A/NetAuth
0x0000000004e54000 	/System/Library/PrivateFrameworks/TCC.framework/Versions/A/TCC
0x0000000004e54000 	/System/Library/Frameworks/OpenDirectory.framework/Versions/A/Frameworks/CFOpenDirectory.framework/Versions/A/CFOpenDirectory
0x0000000004e54000 	/System/Library/Frameworks/ServiceManagement.framework/Versions/A/ServiceManagement
0x0000000004e54000 	/usr/lib/libxslt.1.dylib
0x0000000004e54000 	/System/Library/Frameworks/Carbon.framework/Versions/A/Frameworks/Ink.framework/Versions/A/Ink
0x0000000004e54000 	/System/Library/Frameworks/ApplicationServices.framework/Versions/A/Frameworks/ATS.framework/Versions/A/ATS
0x0000000004e54000 	/System/Library/Frameworks/ApplicationServices.framework/Versions/A/Frameworks/ColorSync.framework/Versions/A/ColorSync
0x0000000004e54000 	/System/Library/Frameworks/ApplicationServices.framework/Versions/A/Frameworks/HIServices.framework/Versions/A/HIServices
0x0000000004e54000 	/System/Library/Frameworks/ApplicationServices.framework/Versions/A/Frameworks/LangAnalysis.framework/Versions/A/LangAnalysis
0x0000000004e54000 	/System/Library/Frameworks/ApplicationServices.framework/Versions/A/Frameworks/PrintCore.framework/Versions/A/PrintCore
0x0000000004e54000 	/System/Library/Frameworks/ApplicationServices.framework/Versions/A/Frameworks/QD.framework/Versions/A/QD
0x0000000004e54000 	/System/Library/Frameworks/ApplicationServices.framework/Versions/A/Frameworks/SpeechSynthesis.framework/Versions/A/SpeechSynthesis
0x0000000004e54000 	/System/Library/Frameworks/IOSurface.framework/Versions/A/IOSurface
0x0000000004e54000 	/System/Library/Frameworks/Accelerate.framework/Versions/A/Accelerate
0x0000000004e54000 	/System/Library/Frameworks/Accelerate.framework/Versions/A/Frameworks/vImage.framework/Versions/A/vImage
0x0000000004e54000 	/System/Library/Frameworks/Accelerate.framework/Versions/A/Frameworks/vecLib.framework/Versions/A/vecLib
0x0000000004e54000 	/System/Library/Frameworks/Accelerate.framework/Versions/A/Frameworks/vecLib.framework/Versions/A/libvDSP.dylib
0x0000000004e54000 	/System/Library/Frameworks/Accelerate.framework/Versions/A/Frameworks/vecLib.framework/Versions/A/libvMisc.dylib
0x0000000004e54000 	/System/Library/Frameworks/Accelerate.framework/Versions/A/Frameworks/vecLib.framework/Versions/A/libLAPACK.dylib
0x0000000004e54000 	/System/Library/Frameworks/Accelerate.framework/Versions/A/Frameworks/vecLib.framework/Versions/A/libBLAS.dylib
0x0000000004e54000 	/System/Library/Frameworks/ApplicationServices.framework/Versions/A/Frameworks/ATS.framework/Versions/A/Resources/libFontParser.dylib
0x0000000004e54000 	/System/Library/Frameworks/ApplicationServices.framework/Versions/A/Frameworks/ATS.framework/Versions/A/Resources/libFontRegistry.dylib
0x0000000004e54000 	/System/Library/Frameworks/ImageIO.framework/Versions/A/Resources/libJPEG.dylib
0x0000000004e54000 	/System/Library/Frameworks/ImageIO.framework/Versions/A/Resources/libTIFF.dylib
0x0000000004e54000 	/System/Library/Frameworks/ImageIO.framework/Versions/A/Resources/libPng.dylib
0x0000000004e54000 	/System/Library/Frameworks/ImageIO.framework/Versions/A/Resources/libGIF.dylib
0x0000000004e54000 	/System/Library/Frameworks/ImageIO.framework/Versions/A/Resources/libJP2.dylib
0x0000000004e54000 	/System/Library/Frameworks/ImageIO.framework/Versions/A/Resources/libRadiance.dylib
0x0000000004e54000 	/usr/lib/libcups.2.dylib
0x0000000004e54000 	/System/Library/Frameworks/Kerberos.framework/Versions/A/Kerberos
0x0000000004e54000 	/System/Library/Frameworks/GSS.framework/Versions/A/GSS
0x0000000004e54000 	/usr/lib/libresolv.9.dylib
0x0000000004e54000 	/usr/lib/libiconv.2.dylib
0x0000000004e54000 	/System/Library/PrivateFrameworks/Heimdal.framework/Versions/A/Heimdal
0x0000000004e54000 	/System/Library/PrivateFrameworks/TrustEvaluationAgent.framework/Versions/A/TrustEvaluationAgent
0x0000000004e54000 	/usr/lib/libheimdal-asn1.dylib
0x0000000004e54000 	/System/Library/Frameworks/OpenDirectory.framework/Versions/A/OpenDirectory
0x0000000004e54000 	/System/Library/PrivateFrameworks/CommonAuth.framework/Versions/A/CommonAuth
0x0000000004e54000 	/System/Library/Frameworks/SecurityFoundation.framework/Versions/A/SecurityFoundation
0x0000000004e54000 	/System/Library/PrivateFrameworks/Bom.framework/Versions/A/Bom
0x0000000004e54000 	/System/Library/Frameworks/CoreVideo.framework/Versions/A/CoreVideo
0x0000000004e54000 	/System/Library/Frameworks/QuartzCore.framework/Versions/A/Frameworks/CoreImage.framework/Versions/A/CoreImage
0x0000000004e54000 	/System/Library/Frameworks/QuartzCore.framework/Versions/A/Frameworks/ScalableUserInterface.framework/Versions/A/ScalableUserInterface
0x0000000004e54000 	/System/Library/Frameworks/OpenGL.framework/Versions/A/Libraries/libGLU.dylib
0x0000000004e54000 	/System/Library/Frameworks/OpenGL.framework/Versions/A/Libraries/libGFXShared.dylib
0x0000000004e54000 	/System/Library/Frameworks/OpenGL.framework/Versions/A/Libraries/libGL.dylib
0x0000000004e54000 	/System/Library/Frameworks/OpenGL.framework/Versions/A/Libraries/libGLImage.dylib
0x0000000004e54000 	/System/Library/Frameworks/OpenGL.framework/Versions/A/Libraries/libCVMSPluginSupport.dylib
0x0000000004e54000 	/System/Library/Frameworks/OpenGL.framework/Versions/A/Libraries/libCoreVMClient.dylib
0x0000000004e54000 	/System/Library/PrivateFrameworks/FaceCore.framework/Versions/A/FaceCore
0x0000000004e54000 	/System/Library/PrivateFrameworks/CrashReporterSupport.framework/Versions/A/CrashReporterSupport
0x0000000004e54000 	/System/Library/Frameworks/OpenCL.framework/Versions/A/OpenCL
0x0000000004e54000 	/System/Library/PrivateFrameworks/AppleFSCompression.framework/Versions/A/AppleFSCompression
0x0000000004e54000 	/System/Library/PrivateFrameworks/Ubiquity.framework/Versions/A/Ubiquity
0x0000000004e54000 	/System/Library/PrivateFrameworks/IconServices.framework/Versions/A/IconServices
0x0000000004e54000 	/System/Library/PrivateFrameworks/ChunkingLibrary.framework/Versions/A/ChunkingLibrary
0x0000000004e54000 	/System/Library/PrivateFrameworks/CoreSymbolication.framework/Versions/A/CoreSymbolication
0x0000000004e54000 	/System/Library/PrivateFrameworks/Symbolication.framework/Versions/A/Symbolication
0x0000000004e54000 	/System/Library/PrivateFrameworks/DebugSymbols.framework/Versions/A/DebugSymbols
0x0000000103e00000 	/Library/Java/JavaVirtualMachines/jdk1.7.0_25.jdk/Contents/Home/jre/lib/server/libjvm.dylib
0x0000000004e54000 	/usr/lib/libstdc++.6.dylib
0x0000000102d89000 	/Library/Java/JavaVirtualMachines/jdk1.7.0_25.jdk/Contents/Home/jre/lib/libverify.dylib
0x0000000102d96000 	/Library/Java/JavaVirtualMachines/jdk1.7.0_25.jdk/Contents/Home/jre/lib/libjava.dylib
0x00000001049ac000 	/Library/Java/JavaVirtualMachines/jdk1.7.0_25.jdk/Contents/Home/jre/lib/libjdwp.dylib
0x0000000102dc7000 	/Library/Java/JavaVirtualMachines/jdk1.7.0_25.jdk/Contents/Home/jre/lib/./libnpt.dylib
0x0000000102dd4000 	/Library/Java/JavaVirtualMachines/jdk1.7.0_25.jdk/Contents/Home/jre/lib/libzip.dylib
0x000000010cb13000 	/System/Library/Frameworks/JavaVM.framework/Frameworks/JavaRuntimeSupport.framework/JavaRuntimeSupport
0x000000010cb2b000 	/System/Library/Frameworks/JavaVM.framework/Versions/A/Frameworks/JavaNativeFoundation.framework/Versions/A/JavaNativeFoundation
0x000000010cb40000 	/System/Library/Frameworks/JavaVM.framework/Versions/A/JavaVM
0x0000000004e54000 	/System/Library/Frameworks/Carbon.framework/Versions/A/Carbon
0x000000010cb4d000 	/System/Library/PrivateFrameworks/JavaLaunching.framework/Versions/A/JavaLaunching
0x0000000004e54000 	/System/Library/Frameworks/Carbon.framework/Versions/A/Frameworks/CommonPanels.framework/Versions/A/CommonPanels
0x0000000004e54000 	/System/Library/Frameworks/Carbon.framework/Versions/A/Frameworks/Help.framework/Versions/A/Help
0x0000000004e54000 	/System/Library/Frameworks/Carbon.framework/Versions/A/Frameworks/ImageCapture.framework/Versions/A/ImageCapture
0x0000000004e54000 	/System/Library/Frameworks/Carbon.framework/Versions/A/Frameworks/OpenScripting.framework/Versions/A/OpenScripting
0x0000000004e54000 	/System/Library/Frameworks/Carbon.framework/Versions/A/Frameworks/Print.framework/Versions/A/Print
0x0000000004e54000 	/System/Library/Frameworks/Carbon.framework/Versions/A/Frameworks/SecurityHI.framework/Versions/A/SecurityHI
0x0000000102df7000 	/Library/Java/JavaVirtualMachines/jdk1.7.0_25.jdk/Contents/Home/jre/lib/libdt_socket.dylib
0x000000010d715000 	/Library/Java/JavaVirtualMachines/jdk1.7.0_25.jdk/Contents/Home/jre/lib/libnio.dylib
0x000000010d724000 	/Library/Java/JavaVirtualMachines/jdk1.7.0_25.jdk/Contents/Home/jre/lib/./libnet.dylib

VM Arguments:
jvm_args: -agentlib:jdwp=transport=dt_socket,address=127.0.0.1:50106,suspend=y,server=n -Dfile.encoding=UTF-8 
java_command: net.bluedash.snippets.tx.PlayWithJDBC
Launcher Type: SUN_STANDARD

Environment Variables:
PATH=/usr/bin:/bin:/usr/sbin:/sbin
SHELL=/bin/bash
DISPLAY=/tmp/launch-v3iawJ/org.macosforge.xquartz:0

Signal Handlers:
SIGSEGV: [libjvm.dylib+0x4a820f], sa_mask[0]=0xfffefeff, sa_flags=0x00000042
SIGBUS: [libjvm.dylib+0x4a820f], sa_mask[0]=0xfffefeff, sa_flags=0x00000042
SIGFPE: [libjvm.dylib+0x3b7495], sa_mask[0]=0xfffefeff, sa_flags=0x00000042
SIGPIPE: [libjvm.dylib+0x3b7495], sa_mask[0]=0xfffefeff, sa_flags=0x00000042
SIGXFSZ: [libjvm.dylib+0x3b7495], sa_mask[0]=0xfffefeff, sa_flags=0x00000042
SIGILL: [libjvm.dylib+0x3b7495], sa_mask[0]=0xfffefeff, sa_flags=0x00000042
SIGUSR1: SIG_DFL, sa_mask[0]=0x00000000, sa_flags=0x00000002
SIGUSR2: [libjvm.dylib+0x3b702e], sa_mask[0]=0x00000004, sa_flags=0x00000042
SIGHUP: [libjvm.dylib+0x3b528f], sa_mask[0]=0xfffefeff, sa_flags=0x00000042
SIGINT: [libjvm.dylib+0x3b528f], sa_mask[0]=0xfffefeff, sa_flags=0x00000042
SIGTERM: [libjvm.dylib+0x3b528f], sa_mask[0]=0xfffefeff, sa_flags=0x00000042
SIGQUIT: [libjvm.dylib+0x3b528f], sa_mask[0]=0xfffefeff, sa_flags=0x00000042


---------------  S Y S T E M  ---------------

OS:Bsduname:Darwin 13.0.0 Darwin Kernel Version 13.0.0: Thu Sep 19 22:22:27 PDT 2013; root:xnu-2422.1.72~6/RELEASE_X86_64 x86_64
rlimit: STACK 8192k, CORE 0k, NPROC 709, NOFILE 10240, AS infinity
load average:2.76 2.83 3.01

CPU:total 8 (4 cores per cpu, 2 threads per core) family 6 model 58 stepping 9, cmov, cx8, fxsr, mmx, sse, sse2, sse3, ssse3, sse4.1, sse4.2, popcnt, avx, ht, tsc, tscinvbit, tscinv

Memory: 4k page, physical 3402560k(850640k free)

/proc/meminfo:


vm_info: Java HotSpot(TM) 64-Bit Server VM (23.25-b01) for bsd-amd64 JRE (1.7.0_25-b15), built on Jun  5 2013 22:26:36 by "java_re" with gcc 4.2.1 (Based on Apple Inc. build 5658) (LLVM build 2336.11.00)

time: Tue Feb  4 16:10:07 2014
elapsed time: 46393 seconds

